2024-09-30 11:00:24.959 [info] [main] Log level: Info
2024-09-30 11:00:24.959 [info] [main] Validating found git in: "git"
2024-09-30 11:00:24.959 [info] [main] Using git "2.34.1" from "git"
2024-09-30 11:00:24.959 [info] [Model][doInitialScan] Initial repository scan started
2024-09-30 11:00:24.959 [info] > git rev-parse --show-toplevel [6ms]
2024-09-30 11:00:24.959 [info] fatal: not a git repository (or any of the parent directories): .git
2024-09-30 11:00:24.974 [info] > git rev-parse --show-toplevel [2ms]
2024-09-30 11:00:24.975 [info] fatal: not a git repository (or any of the parent directories): .git
2024-09-30 11:00:24.983 [info] > git rev-parse --show-toplevel [3ms]
2024-09-30 11:00:24.983 [info] fatal: not a git repository (or any of the parent directories): .git
2024-09-30 11:00:24.991 [info] > git rev-parse --show-toplevel [2ms]
2024-09-30 11:00:24.991 [info] fatal: not a git repository (or any of the parent directories): .git
2024-09-30 11:00:24.999 [info] > git rev-parse --show-toplevel [3ms]
2024-09-30 11:00:24.999 [info] fatal: not a git repository (or any of the parent directories): .git
2024-09-30 11:00:25.009 [info] > git rev-parse --show-toplevel [4ms]
2024-09-30 11:00:25.009 [info] fatal: not a git repository (or any of the parent directories): .git
2024-09-30 11:00:25.018 [info] > git rev-parse --show-toplevel [3ms]
2024-09-30 11:00:25.019 [info] fatal: not a git repository (or any of the parent directories): .git
2024-09-30 11:00:25.027 [info] > git rev-parse --show-toplevel [2ms]
2024-09-30 11:00:25.028 [info] fatal: not a git repository (or any of the parent directories): .git
2024-09-30 11:00:25.037 [info] > git rev-parse --show-toplevel [3ms]
2024-09-30 11:00:25.037 [info] fatal: not a git repository (or any of the parent directories): .git
2024-09-30 11:00:25.047 [info] [Model][doInitialScan] Initial repository scan completed - repositories (0), closed repositories (0), parent repositories (0), unsafe repositories (0)
